2025-02-20 23:26:36 [INFO] gAAAAABnt6wcCs1-SDqvc6Knpr6kv9mdQGhx0_hKnQjIlaqt_mXpPAIQN_8DPKefRTiVMvVh8eQ8ToQN8fBbBl3rVrTF-fR7T8Qf1toiQhT2Y3xz2AhVHNAUVbsEx4_F8XDxQZqNcDUS
2025-02-20 23:26:36 [INFO] gAAAAABnt6wcn_9s9wFiY6L4E3cX_VIStaBTaH5unEWKkfK45T5xVPHOZcN2Wf0gYrQDO_i6tWoeY_EtE83G0K2Am8E9BDgWhIxoms8xdDdhW71kBN97Y1evcZCL_LiYAD1wJUeoZyws
2025-02-20 23:26:36 [INFO] gAAAAABnt6wcekhddpYiDMpjmHg7X1SSPpEVaZul0Uj_pnv62xks6IccjxYxeav0x0ezuDILlLDL2pObgP_B7407-SkHY6NgJVxXBY1ZT2xAqunT4nMKZXONRSv9mg8ETcVgZ635nXga
2025-02-20 23:26:36 [INFO] gAAAAABnt6wcHc0ZwSXnO9nrsOCJzt_GGPuPVvL3ghdBQMH6m4rgwBV77i7zdePS_qQrGSB1MCO4fkqcsXwqwPTH4KhNtuq_jWUpsrsPt0CkAWmemkmcpRTzIoFWcO4f26UXs2NMNHECo-0ATpYXtiDGtpGAarUpGA==
2025-02-20 23:26:36 [INFO] gAAAAABnt6wckr7GHNcTp-kVKEPaExbEw43dVV1A3T4eQQAONcFXvnxZBL2hpiJHZpsfvahwv9dmSgv7pPqAQmCfhDPmAyIdZl_WwnWxARd6RtyYR4CC0qSF8T9rFiXy7e0RmY5S_qivxjm13pHoqSN4WWftFlLY4g==
2025-02-20 23:26:36 [INFO] gAAAAABnt6wcFH0F2HGqOjYbuYGFy5HrjeoyC1ALHYc9EldscndW2tZMPXhqnHh9BRBWVFbxtGDFmPC2BMUpWq_mpAzGTolzJII2GFhWUCWOf1fz3WgXWeRK7NUf2aP3sV0FMk9htU_v
2025-02-20 23:26:36 [INFO] gAAAAABnt6wc0PYdKc2Tbs-AsTY7MjxfM6CHF5uE4T1SKcKYvznO_ixgMiEO-J35XQN-3KTclbU4HsMOfeNVwGpzzjDfKZipwgaQkKf5DJIVEbOwQEr8EUo62U1zatFu-rutdlASCKdk
2025-02-20 23:26:48 [INFO] gAAAAABnt6woZMiCszQ8Kg6Zejuzc3A976LwokVy75eBve9JfU-IfsCOKOUm9hLgkW6lN69fIlUq6NbmvPt024JN0cJ4frx5cP2BIcbcA9cNSTCKhm35HwM=
2025-02-20 23:46:58 [INFO] gAAAAABnt7DikRjLaZYftDRlip_bmutNv7Djd-YXq08ca1pjaRw9GQvgblp7KZZUkpoc-b5Olaz1jXlos49rcnl5vDlodTOXIIlEufL-zOxKviSwU4BJVcoMxNc8T17CkeqUF14AZNpI
2025-02-20 23:46:58 [INFO] gAAAAABnt7Di1GrR4RTl8Q4tAcTNiOE8peEahPSjO5o-G9ZGzaJQeep9UluBtQJ4VHVrVG-t3p8ODYGnYPiH77B46uHiFA2lcmUh3Ng2ue89Iod5QqUCPH6PIjgRnn2U9pOtqKXvmkfI
2025-02-20 23:46:58 [INFO] gAAAAABnt7DiPYSyI49UFfov7oqbdr1GU_KwtGT6f11RtVwjq-wG0m3uM1Ppjg9O1DcW4LhdWcyIn2701rHT1cswAtBLGqoTJxIQEbGof6g4YH0aL24B7HoojkFaNkKdTLPZBPX6rE6E
2025-02-20 23:46:58 [INFO] gAAAAABnt7DiIuojR9crCm5KnRSVHa2FljU9bAJWELggJzwvYj0hZiWhAee16hSro_3JfSV4zi86yYW_xEguJb1qstZWog8ptRP0GWhLU13GLYGUiDFB5DRT68hmSn6Js84hxUaHhzX7gNObn2B37nBbDb-QVjJkng==
2025-02-20 23:46:58 [INFO] gAAAAABnt7Di1J3fRmojCRWUMVay4QuLvq70Aioiqk5xGNiaS4qn-vNiqN8f9nvCZPD7WIGtCxrOXzNodywCDs9Djf2FwFY-7WylxNLfDcfGzkhAeMxJCK_HellSIoR1vBYvnbuSZ1Zra7sspQtimtYI8QrGBaaE4A==
2025-02-20 23:46:58 [INFO] gAAAAABnt7Diap2MtigMU92oJ7FtjnHG_iSYG3C1bAQ4M9KGjVKOpr5jfN_3rNHsIaECEHHu2DbXwqD4KHHZ6MmOI1GZZdBrT8Iq183KhCsIN1aVkJI-EFM4X5SGGWk6NS4E0pXITF3y
2025-02-20 23:46:58 [INFO] gAAAAABnt7DiSUzApJ9d5zKhnJ_SmdGw4oGQEmGWLsmhEwtysbG-OZ5DF0Gzw9iF77nH2HSTjSFLKnj6fubHAL9fOTyQIGtU8J-3o1cOa2ooi_IHBv0_1zovYX32-INOGHIrh4GD2o_K
2025-02-20 23:47:20 [ERROR] gAAAAABnt7D43zt63iNa0WMvDcZsBLcuRnlCgRt445oFK_v26lTQr4W98YJlFZaaTXHs9h44Os6xNqb5Sr96PqIimbS1yqoheNLp4PnLtS3gucWvxxnYy2As1aBPaVSWYtce11tYYEYkWA2dwKZRjBC7Gog4QyTunJ-8Br4RAGAoe9ZtC6kBPeBz-weRRDxxtLxg8Te0hQmCSinz-ullRSnhhEP_qI_htw==
2025-02-20 23:47:20 [ERROR] gAAAAABnt7D4mbCzWws2qD-lk7UM9iLi-e3IRrmQfkiNuuiSzw8S4rkLNj2Ce6hnBW-u_-Lbmn4-BOYNk7y7DWaMy9wRezH77vvMhHIREuaOzd6Q10YDmMM9HS1UJ22roZas0aLE0PO_VaQVzLREo9bVusJXDYEtod-AqwQK5CSPCT0HZSe6tqKzLUMgXTAj79NJzVnuPrH5oE_tzbyhgIbARDe5FPkcWg==
2025-02-20 23:47:53 [ERROR] gAAAAABnt7EZeYDM5vhHIVcfz2DsxtXAR4PpmzjNupWfJhh9A_9KyJlcjRHBmxFpkNne7_dauH2p1ZI6SJeUtltkKLQFjAumzFY2TOytBhaVj2WIO-FuPDz7-6xnT4ltt7sobSKfIp0W8-YWkdM4qvMzm0Y9zaXLI9hMMaqkyEhXDXX4769k_4tg9L7C8_xVrrdqgc-hIi2UwGv5JNcXwewYYW_sQhpNFw==
2025-02-20 23:47:53 [ERROR] gAAAAABnt7EZm7haudwTJFQowJacqAZTNrQyL451IsS8UuyQkAfJDgLIQhbPs1C2ABeI1LjQ5tc97IkQ-sU9EoKK0lgiPgupCut5BZnyI9Sh8gzIlixMqT8vK5ydDvUyk8XzqcWkp-53uJe3LvfWpyPshW5HkeeREiYHpRCUuZGUuhSC6ZBnbFz62YgG1HNtIMop68zUyQW3aLesZ_liJw7a7GF1_31IWQ==
2025-02-21 00:00:37 [INFO] gAAAAABnt7QU_dJ7JPZWDTY9zOYSH13TBKkJXWWlDjAOpl70zULNaD3wx3gBGlLXRkT0WZ7s7N-0socAGUPDbV1O9P1Nty6ckmVeeB1uVORbDE5_06N9noQ=
2025-02-21 00:04:39 [INFO] gAAAAABnt7UHsWOUo8Pc3YguDDIa0jxUrxFIXqZ-W2TsDBljhJRLQdNfIp2vukECxQsHF44G_M1d3ANin_wT8QiEkx89A4RHBQjid8u1eo2EqdNfbu532RdRJ1xTLkwO-xYihQ-JSPzE
2025-02-21 00:04:39 [INFO] gAAAAABnt7UHLwRSpKzATVxxungB0I7v8rWvxo1Yng5wx2gD-Idvr8sww22DVpBm-uiEG76OyN4eYoSqxWOhu6t7-HGRdAhYy_2ufIXwmpAiqeDQGfBO7pSI874ZoM8WLTJl47TGTT5A
2025-02-21 00:04:39 [INFO] gAAAAABnt7UHqrXxXNcMrbJVDPAvVKjDpinR9pZe7UGwScwdqym_NTVLkTfzy5GwfqU_D4G4fKyv1-nX7G42wCpDTOp0OhCqbTv7aSQ2X3uYSR3kbt0xb5jXgMIXR7P-lv23HSmqA_MV
2025-02-21 00:04:39 [INFO] gAAAAABnt7UHPi00TT2LlKmo85grv6fsJLV3QXW354tLbAcHjUfqzraXkCi6w-pA4iDvAqfxmwck_BguX2tihU4YTqUQxYItvgvnzPpePs2tfa87PlBW1n-ikNGgC5mYkKH_T8en3Yeeog4zvOQqe8MOxs6cBZOzng==
2025-02-21 00:04:39 [INFO] gAAAAABnt7UHS81w_zPg3FS4eDq4-ZqAv-y03lvDCQTjwEmxCYn90nk_jeClmWRd0fKe2LbtxE6WovsTCwp4g5kiwqv0SCE0STreCQIfmDq7ksnJteCmRmC2Nq_8gXbR-XZ0q4MX6PMOPGSCvg3drTw-XtX15fkyMw==
2025-02-21 00:04:39 [INFO] gAAAAABnt7UH1_5vwrBadStCoHHDSLRQcdhjcTNtSRfaMorn4TYM9GfvbA_V-tEkRuNe6Av93PXq83WDfTHELF6bXmyyW_0aZ7NnU_kuhT0u37p5O3AFTfVVMkw5fFFRGdY2KquXZSZR
2025-02-21 00:04:39 [INFO] gAAAAABnt7UHETiEHLW5P73xAr1Sp58ABklcyEUl7_fTQYyklnbq3eIdUP2tvpiyhSDQZ2ey9tnOPZ8kpLNU0N3-0GHIH1FC-Dhd_t--YGOMWnxGOWbL1XrtbljUoUsOYezCfgAW5lfD
2025-02-21 00:08:02 [INFO] gAAAAABnt7XSONM57qxDnzT3hwCAZBD4P1DBH262UnxLkNvXUWTZIW63UWAyTWqkeZ-mqCzk_ugWpHPmqubbrMJCIB6kqhEAFLJ0W7wvblUttziYzFN0enE=
2025-02-21 00:08:05 [INFO] gAAAAABnt7XVE0Y4igb0kWheHhcfGuQHucnml491r8cl_pOpCU3s0jt4bzVmMXisMZAZugDTY1iWDqz11vygH1qfdlCsy_pA4fhwCtMrwnACGsRJoEHOev7ll7CGqkVvqF-Nh7w3mScJ
2025-02-21 00:08:05 [INFO] gAAAAABnt7XVT-ekbUk-5nBHXPlFI4JIUR_hlerT2jUA4UGBnh0y4Fva6Zjqch_9zYQmrsGOexklLKfb8U38c60baQA3lkd_S7J7eoYpprp5SwvNqzNqNl4Ip9Wtnd3kOjkGz-B-VuJk
2025-02-21 00:08:05 [INFO] gAAAAABnt7XVzfH_xghVgHZadvp6bDioPTSPFiqFgT1OKrbCLwxZptBTo9lHy3lY9ld_wGMd75IVUbBoUNop3nAwCwqo-r1aJwqiomTjf08c8sHgMgDI_V8EAjBI1qM3M9mB7g-ergXJ
2025-02-21 00:08:05 [INFO] gAAAAABnt7XVokZWATmHVlxbn1FEgMeWl_urVdOwha_64x6uItv1NkcoGUScpK7mN1UPbI1fQn8Cw5_O5MSkJ4M4ig17hNV7DvEcanvS7XIh7SufXelsOw0HjTHnndy1AjSRyPmgTEt3LkyuzAgdlwu8BFC98tKAUQ==
2025-02-21 00:08:05 [INFO] gAAAAABnt7XVsd58bW_hweMaOtiJeFqrUVrBErqaxoVl76nqSskGIz6l4i-QjfhgTUkVt4RYTtIjKZfVzXFoRz_shtIMvP-GgvEB4iB6KLEwGyLwqKIpbZRk-NDnUuNO4bRon2y6vZzO2-wTr7EMBTpRdKqivV_l_g==
2025-02-21 00:08:05 [INFO] gAAAAABnt7XVwFXpjd5ymN6pmBRWg5Ye6KGIC7g5dnjVfAse4wZrKfY0W0x8pFIJvNB1W9f_BTCiorIT6XhqMjvc1DSXCYdK8TENVN1YIXp59xFGJdnrDUCyDBqCicZkI3H4dpgSlcmy
2025-02-21 00:08:05 [INFO] gAAAAABnt7XVIw3Eq0NaeCeVlYdoNopm1U9UB7HpR7QNiuesDnKP0v0QyKtZ3AVB4_0D2vClXHkowhhcq60MycAC3p_2UPq9BMEFYgIQA8g61dG4z4EAieOO741Jfe71Np-3NcwX5kDQ
2025-02-21 00:25:26 [INFO] gAAAAABnt7nmuRuo630jrxVkaLUdQBexCD5-rxElhDCfjntsSw62wrHCVIr3XREYbNCdIpJNbOfPXNAUstUoMEwbslGYznuserhnCV5fKV7mw0pVmv6JWrM=
2025-02-21 00:34:31 [INFO] gAAAAABnt7wH48cCL8aILkXhfaUX12QZ3Z6HrrcRGkgRM7ahE3OlE9xP1orCrfU8XAprFM8248I5eHIQM1_E48F3lXiN39T8c_ly-7V0jkrUdoY6Yedyf68pAVTna-D9kw1wPGWUkgbL
2025-02-21 00:34:31 [INFO] gAAAAABnt7wHIsvnMK5VHqJhJJ-fIrLunKxnJ4W1MU8qqTNT-u4QE41DWiaCcFkFYJWjBj0C-mvC--MMYiBTU0L6kVuhqN9kMC4_hLLg98fj9YUJe7uSi9WayI_z9F79Xd1xShJa8haz
2025-02-21 00:34:31 [INFO] gAAAAABnt7wH00GW_66d6HDY1HQTk8Vm0jm97ATH007Hy88guDw465rzXjEoBd6XTn96vXdHf3LlT-bWQzYel9Zxn5kYXXJ2kMcPR6i_n6mU1NyuRFS0Hpp_NvhvrIlmZcIOOHJRvRfp
2025-02-21 00:34:31 [INFO] gAAAAABnt7wHkKTMJQPOq-nT4-Si3Kh01t-k_A5T7faDzmt_fEHkAQjBgCQQHLS28pPnRvSpnQIqTnHcqc18Dv9OCWzTDSon2wml58jTbZOklNW007ni90h3t_YW-EvqG2T9nwucb0ODcrBBegNtg0hEEBbYUOOGGw==
2025-02-21 00:34:31 [INFO] gAAAAABnt7wHlREYqHG1gdxPAIfkqOkCiVDEf_Tb-1Jicb-H05migaPP5Z83eyK24_QlisB4HJWNx4PNBGbSFH2EIEWSiuBd55HE5wFmXmtOm06qnOeoL5nTIfcxM43f34J_M8DKibWstoWhd1CY0CNFFpaIxVtp2g==
2025-02-21 00:34:31 [INFO] gAAAAABnt7wHpOH2_-RNTq3IfHkikJY086OTSspHX422iFKX7kBVQf4jg-OZLWMDVUm7FTA2Z1XRa0UxhF7shKAFOIeTA55NMy3ZZGdyQhPw_FHbWtrlSt-1KmKSRtZE4k8SLNHXYib2
2025-02-21 00:34:31 [INFO] gAAAAABnt7wHm5ZyHkius19I74HSt285kKOOLL1iUJglZlMMwRL4bb7s5wbkjexI_H9pxIYktGy027oh3jpLsW40INLb5WGhlB1QL_sd8iYZAGTKG9Pvms0jysGxau6D3MoiFnsh9JyM
2025-02-21 00:34:36 [INFO] gAAAAABnt7wMSrziel7SnAASXVcINkmpRODeAg_XAcqODMLk9BcK3A0bKAyHtDsgsXuR5unQgDYmgJuG8oC6AFHSKJ46TUDftoNFMc6aS7UGxOv0zaUSxkU=
2025-02-21 01:34:08 [INFO] gAAAAABnt8oA6AW4rufDPOn2iJKnxjDXPHPzwjNKcFpZmwQsXZh7psndBIeWDPsWbVeDDc51Y3CxumuhPdjKxPNNt8ncVz3uFQWWGLIhG2hv6q_kvKknR6U=
2025-02-21 01:34:16 [INFO] gAAAAABnt8oIvJJX1n9AwsQPaK6lXI-vv6J3jlU3IZ1DbThSyVAdT1jhoBALp3V7ZGoEcgCPhN3lfthUvPdP6m7ucfLWfAfYZzQ8R3bzjKow8cEhVyswdX4=
2025-02-23 02:35:22 [INFO] gAAAAABnuntanAI338SrAVeayzaeFjj_rx9C5YPTN9-rzeLH4VPOHtodl34ym7Wgw9ON0BeZzlkzDLihXcjKk1afS7UXTRkTuAHORLiBnjE_NK9WZR6mTkM=
2025-02-23 02:35:34 [INFO] gAAAAABnuntmorUFmBHWp6jDomktDL7F3Y7Zg-khioTCTRgdMsW1o7rSRr-FVu7S8s2K64Y9utnjm3SwPO8HB0AVslfs5MPojolyGMYdEEF3AMHtoDtMZ_M=
2025-02-23 02:35:39 [INFO] gAAAAABnuntraFAYWXsHPGsqA-F7CdQUWgT62gCS1pRUZZqLTJn5kOWoY2Fxwt-7V6y0dkkPxqFWWf4ifxDjzqCgqWumUgZ9bQ0RbdainGGFt-Z5zJzacwM=
2025-02-23 02:35:47 [INFO] gAAAAABnuntzITDsFnODiItqFD6n3obDFawWMifLbDWyp-dUSAxfVJuYsPkAOCi9pOidvODJJ1mPdPBO6DMASk3tZ_NloOuRADrIqE4ciEjr1wzL8DYydNA=
2025-02-23 02:35:47 [INFO] gAAAAABnuntzzx5pH26xgKHxlFpJHuxBF1sPnWXDd2TwjCDeM7YsXu7nN5lFp-aH14TtN_EcfKVHkOEUjl83lC4g6duZsAmw4qWjIUKe3AU6kDN1U4Mvf0Y=
2025-02-23 02:35:49 [INFO] gAAAAABnunt1YlA_92dxFpK9WbtmTz-sMjW-Xodb7Qw-Nn4KVib0gvtZoyqhUsfVNLMKnb1i4goHCU2t8GtGTVjJvCTfuIzdczKuL2yO4XN2JkA0H0eRx7k=
